<?xml version="1.0" encoding="UTF-8"?>
<testsuite name="CalendarGregorianTest" tests="2" skipped="0" failures="0" errors="0" timestamp="2020-12-04T05:20:18" hostname="LAPTOP-EPNF5CSV" time="0.005">
  <properties/>
  <testcase name="testCalendar1" classname="CalendarGregorianTest" time="0.004"/>
  <testcase name="testCalendar2" classname="CalendarGregorianTest" time="0.0"/>
  <system-out><![CDATA[]]></system-out>
  <system-err><![CDATA[]]></system-err>
</testsuite>
