<?xml version="1.0" encoding="UTF-8"?>
<testsuite name="QuadTreeTest" tests="6" skipped="0" failures="0" errors="0" timestamp="2020-11-13T09:15:29" hostname="LAPTOP-EPNF5CSV" time="0.013">
  <properties/>
  <testcase name="streamTest" classname="QuadTreeTest" time="0.006"/>
  <testcase name="adddeleteTest" classname="QuadTreeTest" time="0.001"/>
  <testcase name="exceptionOfAdd" classname="QuadTreeTest" time="0.001"/>
  <testcase name="exceptionOfGet" classname="QuadTreeTest" time="0.001"/>
  <testcase name="fromRectangleTest" classname="QuadTreeTest" time="0.001"/>
  <testcase name="iterableTest" classname="QuadTreeTest" time="0.002"/>
  <system-out><![CDATA[]]></system-out>
  <system-err><![CDATA[]]></system-err>
</testsuite>
